 
****************************************
Report : area
Design : NYQ
Version: M-2016.12
Date   : Fri Nov  1 12:08:32 2019
****************************************

Library(s) Used:

    saed90nm_typ (File: /work/global/brg/install/adk-pkgs/saed-90nm/pkgs/SAED_EDK90nm_01252011/SAED_EDK90nm/Digital_Standard_cell_Library/synopsys/models/saed90nm_typ.db)

Number of ports:                          297
Number of nets:                         41471
Number of cells:                        41105
Number of combinational cells:          24615
Number of sequential cells:             16486
Number of macros/black boxes:               0
Number of buf/inv:                       1372
Number of references:                      32

Combinational area:             328414.012888
Buf/Inv area:                     7617.024196
Noncombinational area:          531579.810150
Macro/Black Box area:                0.000000
Net Interconnect area:          277957.769002

Total cell area:                859993.823039
Total area:                    1137951.592041

Information: This design contains black box (unknown) components. (RPT-8)

Hierarchical area distribution
------------------------------

                                  Global cell area              Local cell area
                                  --------------------  -------------------------------- 
Hierarchical cell                 Absolute     Percent  Combi-       Noncombi-    Black-
                                  Total        Total    national     national     boxes   Design
--------------------------------  -----------  -------  -----------  -----------  ------  -----------------
NYQ                               859993.8230    100.0  327278.6017  528482.3125  0.0000  NYQ
FF_1                                1057.9968      0.1     282.0096     775.9872  0.0000  FF_DATA_WIDTH24_3
FF_2                                1057.0752      0.1     283.8528     773.2224  0.0000  FF_DATA_WIDTH24_2
FF_3                                1050.6240      0.1     276.4800     774.1440  0.0000  FF_DATA_WIDTH24_1
FF_4                                1067.2128      0.1     293.0688     774.1440  0.0000  FF_DATA_WIDTH24_0
--------------------------------  -----------  -------  -----------  -----------  ------  -----------------
Total                                                   328414.0129  531579.8102  0.0000