 
****************************************
Report : power
        -hier
        -analysis_effort low
Design : NYQ
Version: M-2016.12
Date   : Mon Nov 25 17:03:50 2019
****************************************


Library(s) Used:

    saed90nm_typ (File: /work/global/brg/install/adk-pkgs/saed-90nm/pkgs/SAED_EDK90nm_01252011/SAED_EDK90nm/Digital_Standard_cell_Library/synopsys/models/saed90nm_typ.db)


Operating Conditions: TYPICAL   Library: saed90nm_typ
Wire Load Model Mode: enclosed

Design        Wire Load Model            Library
------------------------------------------------
NYQ                    140000            saed90nm_typ
counter                ForQA             saed90nm_typ
MAC_WIDTH24_3          35000             saed90nm_typ
FF_DATA_WIDTH24_3      8000              saed90nm_typ
FF_DATA_WIDTH48_3      8000              saed90nm_typ
MAC_WIDTH24_0          35000             saed90nm_typ
MAC_WIDTH24_1          35000             saed90nm_typ
MAC_WIDTH24_2          35000             saed90nm_typ
FF_DATA_WIDTH48_0      8000              saed90nm_typ
FF_DATA_WIDTH48_1      8000              saed90nm_typ
FF_DATA_WIDTH48_2      8000              saed90nm_typ
FF_DATA_WIDTH24_0      8000              saed90nm_typ
FF_DATA_WIDTH24_1      8000              saed90nm_typ
FF_DATA_WIDTH24_2      8000              saed90nm_typ


Global Operating Voltage = 1.2  
Power-specific unit information :
    Voltage Units = 1V
    Capacitance Units = 1.000000ff
    Time Units = 1ns
    Dynamic Power Units = 1uW    (derived from V,C,T units)
    Leakage Power Units = 1pW


--------------------------------------------------------------------------------
                                       Switch   Int      Leak     Total
Hierarchy                              Power    Power    Power    Power    %
--------------------------------------------------------------------------------
NYQ                                      14.666  314.902 5.80e+08  909.539 100.0
  FF_4 (FF_DATA_WIDTH24_0)             1.73e-04    6.892 4.98e+06   11.874   1.3
  MAC_4 (MAC_WIDTH24_0)                   3.002   16.749 9.05e+07  110.215  12.1
    FF_1 (FF_DATA_WIDTH48_0)              0.175   13.980 9.86e+06   24.015   2.6
  FF_3 (FF_DATA_WIDTH24_1)             5.01e-04    6.892 4.98e+06   11.874   1.3
  MAC_3 (MAC_WIDTH24_1)                   2.911   16.536 9.04e+07  109.888  12.1
    FF_1 (FF_DATA_WIDTH48_1)              0.174   13.975 9.86e+06   24.006   2.6
  FF_2 (FF_DATA_WIDTH24_2)             3.31e-04    6.891 4.98e+06   11.873   1.3
  MAC_2 (MAC_WIDTH24_2)                   2.942   16.604 9.05e+07  110.011  12.1
    FF_1 (FF_DATA_WIDTH48_2)              0.175   13.981 9.86e+06   24.021   2.6
  FF_1 (FF_DATA_WIDTH24_3)             1.46e-04    6.889 4.98e+06   11.870   1.3
  MAC_1 (MAC_WIDTH24_3)                   2.805   16.172 9.04e+07  109.378  12.0
    FF_1 (FF_DATA_WIDTH48_3)           9.03e-02   13.633 9.82e+06   23.542   2.6
  counter_1 (counter)                  4.06e-03    1.052 6.08e+05    1.664   0.2
1
