 
****************************************
Report : power
        -hier
        -analysis_effort low
Design : NYQ
Version: M-2016.12
Date   : Mon Nov 25 17:21:04 2019
****************************************


Library(s) Used:

    saed90nm_typ (File: /work/global/brg/install/adk-pkgs/saed-90nm/pkgs/SAED_EDK90nm_01252011/SAED_EDK90nm/Digital_Standard_cell_Library/synopsys/models/saed90nm_typ.db)


Operating Conditions: TYPICAL   Library: saed90nm_typ
Wire Load Model Mode: enclosed

Design        Wire Load Model            Library
------------------------------------------------
NYQ                    140000            saed90nm_typ
counter                ForQA             saed90nm_typ
MAC_WIDTH24_3          35000             saed90nm_typ
FF_DATA_WIDTH24_3      8000              saed90nm_typ
FF_DATA_WIDTH48_3      8000              saed90nm_typ
MAC_WIDTH24_0          35000             saed90nm_typ
MAC_WIDTH24_1          35000             saed90nm_typ
MAC_WIDTH24_2          35000             saed90nm_typ
FF_DATA_WIDTH48_0      8000              saed90nm_typ
FF_DATA_WIDTH48_1      8000              saed90nm_typ
FF_DATA_WIDTH48_2      8000              saed90nm_typ
FF_DATA_WIDTH24_0      8000              saed90nm_typ
FF_DATA_WIDTH24_1      8000              saed90nm_typ
FF_DATA_WIDTH24_2      8000              saed90nm_typ


Global Operating Voltage = 1.2  
Power-specific unit information :
    Voltage Units = 1V
    Capacitance Units = 1.000000ff
    Time Units = 1ns
    Dynamic Power Units = 1uW    (derived from V,C,T units)
    Leakage Power Units = 1pW


--------------------------------------------------------------------------------
                                       Switch   Int      Leak     Total
Hierarchy                              Power    Power    Power    Power    %
--------------------------------------------------------------------------------
NYQ                                      21.995  472.584 5.89e+08 1.08e+03 100.0
  FF_4 (FF_DATA_WIDTH24_0)             2.50e-04   10.339 4.98e+06   15.321   1.4
  MAC_4 (MAC_WIDTH24_0)                   4.526   25.225 9.38e+07  123.556  11.4
    FF_1 (FF_DATA_WIDTH48_0)              0.262   20.970 9.86e+06   31.092   2.9
  FF_3 (FF_DATA_WIDTH24_1)             7.01e-04   10.340 4.98e+06   15.322   1.4
  MAC_3 (MAC_WIDTH24_1)                   4.378   24.868 9.32e+07  122.460  11.3
    FF_1 (FF_DATA_WIDTH48_1)              0.260   20.963 9.86e+06   31.079   2.9
  FF_2 (FF_DATA_WIDTH24_2)             5.14e-04   10.339 4.98e+06   15.321   1.4
  MAC_2 (MAC_WIDTH24_2)                   4.427   24.910 9.10e+07  120.342  11.1
    FF_1 (FF_DATA_WIDTH48_2)              0.263   20.972 9.87e+06   31.101   2.9
  FF_1 (FF_DATA_WIDTH24_3)             1.61e-04   10.338 4.98e+06   15.320   1.4
  MAC_1 (MAC_WIDTH24_3)                   4.210   24.268 9.04e+07  118.880  11.0
    FF_1 (FF_DATA_WIDTH48_3)              0.136   20.451 9.82e+06   30.406   2.8
  counter_1 (counter)                  7.02e-03    1.578 6.08e+05    2.194   0.2
1
