 
****************************************
Report : power
        -hier
        -analysis_effort low
Design : NYQ
Version: M-2016.12
Date   : Mon Nov 25 18:29:29 2019
****************************************


Library(s) Used:

    saed90nm_typ (File: /work/global/brg/install/adk-pkgs/saed-90nm/pkgs/SAED_EDK90nm_01252011/SAED_EDK90nm/Digital_Standard_cell_Library/synopsys/models/saed90nm_typ.db)


Operating Conditions: TYPICAL   Library: saed90nm_typ
Wire Load Model Mode: enclosed

Design        Wire Load Model            Library
------------------------------------------------
NYQ                    140000            saed90nm_typ
counter                ForQA             saed90nm_typ
MAC_WIDTH24_3          35000             saed90nm_typ
FF_DATA_WIDTH24_3      8000              saed90nm_typ
FF_DATA_WIDTH48_3      8000              saed90nm_typ
MAC_WIDTH24_0          35000             saed90nm_typ
MAC_WIDTH24_1          35000             saed90nm_typ
MAC_WIDTH24_2          35000             saed90nm_typ
FF_DATA_WIDTH48_0      8000              saed90nm_typ
FF_DATA_WIDTH48_1      8000              saed90nm_typ
FF_DATA_WIDTH48_2      8000              saed90nm_typ
FF_DATA_WIDTH24_0      8000              saed90nm_typ
FF_DATA_WIDTH24_1      8000              saed90nm_typ
FF_DATA_WIDTH24_2      8000              saed90nm_typ


Global Operating Voltage = 1.2  
Power-specific unit information :
    Voltage Units = 1V
    Capacitance Units = 1.000000ff
    Time Units = 1ns
    Dynamic Power Units = 1uW    (derived from V,C,T units)
    Leakage Power Units = 1pW


--------------------------------------------------------------------------------
                                       Switch   Int      Leak     Total
Hierarchy                              Power    Power    Power    Power    %
--------------------------------------------------------------------------------
NYQ                                      32.084  713.230 6.35e+08 1.38e+03 100.0
  FF_4 (FF_DATA_WIDTH24_0)             3.87e-03   15.639 5.00e+06   20.640   1.5
  MAC_4 (MAC_WIDTH24_0)                   6.607   38.984 1.01e+08  146.484  10.6
    FF_1 (FF_DATA_WIDTH48_0)              0.388   31.556 9.84e+06   41.784   3.0
  FF_3 (FF_DATA_WIDTH24_1)             4.19e-03   15.597 5.06e+06   20.656   1.5
  MAC_3 (MAC_WIDTH24_1)                   6.142   37.691 1.01e+08  145.209  10.5
    FF_1 (FF_DATA_WIDTH48_1)              0.381   31.529 9.83e+06   41.736   3.0
  FF_2 (FF_DATA_WIDTH24_2)             3.94e-03   15.622 5.03e+06   20.658   1.5
  MAC_2 (MAC_WIDTH24_2)                   6.432   38.403 1.05e+08  149.579  10.8
    FF_1 (FF_DATA_WIDTH48_2)              0.390   31.484 1.01e+07   41.943   3.0
  FF_1 (FF_DATA_WIDTH24_3)             3.79e-03   15.583 5.12e+06   20.711   1.5
  MAC_1 (MAC_WIDTH24_3)                   6.171   36.028 9.04e+07  132.583   9.6
    FF_1 (FF_DATA_WIDTH48_3)              0.204   30.657 9.82e+06   40.677   2.9
  counter_1 (counter)                  1.38e-02    2.076 7.70e+05    2.860   0.2
1
