****************************************
Report : power
        -hier
        -analysis_effort low
Design : NYQ
Version: M-2016.12
Date   : Fri Nov  1 12:08:36 2019
****************************************


Library(s) Used:

    saed90nm_typ (File: /work/global/brg/install/adk-pkgs/saed-90nm/pkgs/SAED_EDK90nm_01252011/SAED_EDK90nm/Digital_Standard_cell_Library/synopsys/models/saed90nm_typ.db)


Operating Conditions: TYPICAL   Library: saed90nm_typ
Wire Load Model Mode: enclosed

Design        Wire Load Model            Library
------------------------------------------------
NYQ                    1000000           saed90nm_typ
FF_DATA_WIDTH24_3      8000              saed90nm_typ
FF_DATA_WIDTH24_0      8000              saed90nm_typ
FF_DATA_WIDTH24_1      8000              saed90nm_typ
FF_DATA_WIDTH24_2      8000              saed90nm_typ


Global Operating Voltage = 1.2  
Power-specific unit information :
    Voltage Units = 1V
    Capacitance Units = 1.000000ff
    Time Units = 1ns
    Dynamic Power Units = 1uW    (derived from V,C,T units)
    Leakage Power Units = 1pW


--------------------------------------------------------------------------------
                                       Switch   Int      Leak     Total
Hierarchy                              Power    Power    Power    Power    %
--------------------------------------------------------------------------------
NYQ                                     549.006 6.96e+04 3.97e+09 7.41e+04 100.0
  FF_4 (FF_DATA_WIDTH24_0)                2.035  121.059 6.31e+06  129.398   0.2
  FF_3 (FF_DATA_WIDTH24_1)                4.618  119.495 5.47e+06  129.581   0.2
  FF_2 (FF_DATA_WIDTH24_2)                4.009  119.434 5.54e+06  128.984   0.2
  FF_1 (FF_DATA_WIDTH24_3)                2.214  115.289 5.55e+06  123.052   0.2
